first name,last name,ID
Mohammed,Mehmeti,8137240
Aron,Thanasi,1810541
Joel,Laçi,9435426
Aria,Kuqi,1622195
Amina,Սարգսյան,4805813
Olivia,Steiner,6541537
Agnes,Steiner,6281144
Emma,Schmidt,6696666
Ema,Həsənov,2192269
Jan,Козловский,5236228
Natálie,Peeters,7957914
Peter,De Smet,2357451
Han,Nguyen,3244343
Matej,Tahirović,6268312
Dmitry,Đurić,4229436
Ander,Božić,5791111
Pol,Veselá,1434529
Leon,Olsen,4866937
Oliver,Møller,9707862
Gabriel,Kukk,5904559
Zsófia,Semjonov,2025291
Ann,Rasmussen,3597511
Ava,Järvinen,3182164
Alise,Ahonen,9461572
Sophie,Roux,9142023
Mateo,Durand,1454417
Aimar,გიორგაძე,2096090
Ben,Παπουτσής,1694360
Tim,O'Brien,5765923
Louis,De Luca,3228855
George,Fontana,3766352
Jack,de Vries,9712762
Oscar,van Dijk,2151240
Leo,van der Meer,9485127
Jaap,Janssens,5253036
Martina,Woźniak,7540868
Laura,Rodrigues,3374908
Sarah,Ramírez,2710529
Emma,Eriksson,5297908
Mark,Baumann,5678645
Noah,Öztürk,2888276
Emil,Shevchenko,2978362
John,Smith,5481302
Peter,Brown,5067685
Ian,MacDonald,2285804
Hannah,de Vries,4528975